<?xml version="1.0" encoding="UTF-8"?>
<!-- Generated by org.testng.reporters.JUnitReportReporter -->
<testsuite skipped="0" hostname="DESKTOP-H9CG5VC" name="TeamSelectionTest" tests="1" failures="0" timestamp="2022-08-15T17:36:44 IST" time="1.655" errors="0">
  <testcase name="teamSelection" time="1.655" classname="TeamSelectionTest"/>
  <system-out/>
</testsuite> <!-- TeamSelectionTest -->
